\BOOKMARK [0][-]{chapter.1}{\376\377\000R\000E\000A\000D\000M\000E}{}% 1
\BOOKMARK [0][-]{chapter.2}{\376\377\000C\000l\000a\000s\000s\000\040\000I\000n\000d\000e\000x}{}% 2
\BOOKMARK [1][-]{section.2.1}{\376\377\000C\000l\000a\000s\000s\000\040\000L\000i\000s\000t}{chapter.2}% 3
\BOOKMARK [0][-]{chapter.3}{\376\377\000F\000i\000l\000e\000\040\000I\000n\000d\000e\000x}{}% 4
\BOOKMARK [1][-]{section.3.1}{\376\377\000F\000i\000l\000e\000\040\000L\000i\000s\000t}{chapter.3}% 5
\BOOKMARK [0][-]{chapter.4}{\376\377\000C\000l\000a\000s\000s\000\040\000D\000o\000c\000u\000m\000e\000n\000t\000a\000t\000i\000o\000n}{}% 6
\BOOKMARK [1][-]{section.4.1}{\376\377\000C\000o\000n\000f\000i\000g\000F\000i\000l\000e\000I\000n\000p\000u\000t\000\040\000C\000l\000a\000s\000s\000\040\000R\000e\000f\000e\000r\000e\000n\000c\000e}{chapter.4}% 7
\BOOKMARK [2][-]{subsection.4.1.1}{\376\377\000M\000e\000m\000b\000e\000r\000\040\000F\000u\000n\000c\000t\000i\000o\000n\000\040\000D\000o\000c\000u\000m\000e\000n\000t\000a\000t\000i\000o\000n}{section.4.1}% 8
\BOOKMARK [3][-]{subsubsection.4.1.1.1}{\376\377\000A\000d\000j\000u\000s\000t\000L\000i\000n\000e\000E\000l\000e\000m\000e\000n\000t\000s}{subsection.4.1.1}% 9
\BOOKMARK [3][-]{subsubsection.4.1.1.2}{\376\377\000G\000e\000t\000P\000r\000o\000c\000e\000s\000s\000V\000a\000l\000u\000e}{subsection.4.1.1}% 10
\BOOKMARK [3][-]{subsubsection.4.1.1.3}{\376\377\000P\000a\000r\000s\000e\000L\000i\000n\000e}{subsection.4.1.1}% 11
\BOOKMARK [3][-]{subsubsection.4.1.1.4}{\376\377\000R\000e\000m\000o\000v\000e\000S\000p\000a\000c\000e\000s}{subsection.4.1.1}% 12
\BOOKMARK [1][-]{section.4.2}{\376\377\000C\000o\000n\000f\000i\000g\000F\000i\000l\000e\000I\000n\000p\000u\000t\000N\000o\000d\000e\000\040\000C\000l\000a\000s\000s\000\040\000R\000e\000f\000e\000r\000e\000n\000c\000e}{chapter.4}% 13
\BOOKMARK [1][-]{section.4.3}{\376\377\000L\000i\000n\000k\000e\000d\000L\000i\000s\000t\000<\000\040\000I\000t\000e\000m\000T\000y\000p\000e\000\040\000>\000\040\000C\000l\000a\000s\000s\000\040\000T\000e\000m\000p\000l\000a\000t\000e\000\040\000R\000e\000f\000e\000r\000e\000n\000c\000e}{chapter.4}% 14
\BOOKMARK [2][-]{subsection.4.3.1}{\376\377\000C\000o\000n\000s\000t\000r\000u\000c\000t\000o\000r\000\040\000\046\000\040\000D\000e\000s\000t\000r\000u\000c\000t\000o\000r\000\040\000D\000o\000c\000u\000m\000e\000n\000t\000a\000t\000i\000o\000n}{section.4.3}% 15
\BOOKMARK [3][-]{subsubsection.4.3.1.1}{\376\377\000L\000i\000n\000k\000e\000d\000L\000i\000s\000t}{subsection.4.3.1}% 16
\BOOKMARK [3][-]{subsubsection.4.3.1.2}{\376\377\000L\000i\000n\000k\000e\000d\000L\000i\000s\000t}{subsection.4.3.1}% 17
\BOOKMARK [3][-]{subsubsection.4.3.1.3}{\376\377\000L\000i\000n\000k\000e\000d\000L\000i\000s\000t}{subsection.4.3.1}% 18
\BOOKMARK [2][-]{subsection.4.3.2}{\376\377\000M\000e\000m\000b\000e\000r\000\040\000F\000u\000n\000c\000t\000i\000o\000n\000\040\000D\000o\000c\000u\000m\000e\000n\000t\000a\000t\000i\000o\000n}{section.4.3}% 19
\BOOKMARK [3][-]{subsubsection.4.3.2.1}{\376\377\000C\000l\000e\000a\000r}{subsection.4.3.2}% 20
\BOOKMARK [3][-]{subsubsection.4.3.2.2}{\376\377\000G\000e\000t\000E\000n\000t\000r\000y}{subsection.4.3.2}% 21
\BOOKMARK [3][-]{subsubsection.4.3.2.3}{\376\377\000G\000e\000t\000L\000e\000n\000g\000t\000h}{subsection.4.3.2}% 22
\BOOKMARK [3][-]{subsubsection.4.3.2.4}{\376\377\000I\000n\000s\000e\000r\000t\000E\000n\000t\000r\000y}{subsection.4.3.2}% 23
\BOOKMARK [3][-]{subsubsection.4.3.2.5}{\376\377\000I\000s\000E\000m\000p\000t\000y}{subsection.4.3.2}% 24
\BOOKMARK [3][-]{subsubsection.4.3.2.6}{\376\377\000I\000s\000F\000u\000l\000l}{subsection.4.3.2}% 25
\BOOKMARK [3][-]{subsubsection.4.3.2.7}{\376\377\000p\000o\000p}{subsection.4.3.2}% 26
\BOOKMARK [3][-]{subsubsection.4.3.2.8}{\376\377\000p\000r\000i\000n\000t}{subsection.4.3.2}% 27
\BOOKMARK [3][-]{subsubsection.4.3.2.9}{\376\377\000p\000u\000s\000h}{subsection.4.3.2}% 28
\BOOKMARK [3][-]{subsubsection.4.3.2.10}{\376\377\000R\000e\000m\000o\000v\000e\000E\000n\000t\000r\000y}{subsection.4.3.2}% 29
\BOOKMARK [1][-]{section.4.4}{\376\377\000L\000i\000n\000k\000e\000d\000Q\000u\000e\000u\000e\000<\000\040\000I\000t\000e\000m\000T\000y\000p\000e\000\040\000>\000\040\000C\000l\000a\000s\000s\000\040\000T\000e\000m\000p\000l\000a\000t\000e\000\040\000R\000e\000f\000e\000r\000e\000n\000c\000e}{chapter.4}% 30
\BOOKMARK [2][-]{subsection.4.4.1}{\376\377\000D\000e\000t\000a\000i\000l\000e\000d\000\040\000D\000e\000s\000c\000r\000i\000p\000t\000i\000o\000n}{section.4.4}% 31
\BOOKMARK [2][-]{subsection.4.4.2}{\376\377\000C\000o\000n\000s\000t\000r\000u\000c\000t\000o\000r\000\040\000\046\000\040\000D\000e\000s\000t\000r\000u\000c\000t\000o\000r\000\040\000D\000o\000c\000u\000m\000e\000n\000t\000a\000t\000i\000o\000n}{section.4.4}% 32
\BOOKMARK [3][-]{subsubsection.4.4.2.1}{\376\377\000L\000i\000n\000k\000e\000d\000Q\000u\000e\000u\000e}{subsection.4.4.2}% 33
\BOOKMARK [3][-]{subsubsection.4.4.2.2}{\376\377\000L\000i\000n\000k\000e\000d\000Q\000u\000e\000u\000e}{subsection.4.4.2}% 34
\BOOKMARK [3][-]{subsubsection.4.4.2.3}{\376\377\000L\000i\000n\000k\000e\000d\000Q\000u\000e\000u\000e}{subsection.4.4.2}% 35
\BOOKMARK [2][-]{subsection.4.4.3}{\376\377\000M\000e\000m\000b\000e\000r\000\040\000F\000u\000n\000c\000t\000i\000o\000n\000\040\000D\000o\000c\000u\000m\000e\000n\000t\000a\000t\000i\000o\000n}{section.4.4}% 36
\BOOKMARK [3][-]{subsubsection.4.4.3.1}{\376\377\000D\000e\000q\000u\000e\000u\000e}{subsection.4.4.3}% 37
\BOOKMARK [3][-]{subsubsection.4.4.3.2}{\376\377\000E\000n\000q\000u\000e\000u\000e}{subsection.4.4.3}% 38
\BOOKMARK [3][-]{subsubsection.4.4.3.3}{\376\377\000I\000s\000E\000m\000p\000t\000y}{subsection.4.4.3}% 39
\BOOKMARK [3][-]{subsubsection.4.4.3.4}{\376\377\000P\000e\000e\000k\000F\000r\000o\000n\000t}{subsection.4.4.3}% 40
\BOOKMARK [1][-]{section.4.5}{\376\377\000M\000e\000t\000a\000D\000a\000t\000a\000I\000n\000f\000o\000\040\000C\000l\000a\000s\000s\000\040\000R\000e\000f\000e\000r\000e\000n\000c\000e}{chapter.4}% 41
\BOOKMARK [2][-]{subsection.4.5.1}{\376\377\000M\000e\000m\000b\000e\000r\000\040\000F\000u\000n\000c\000t\000i\000o\000n\000\040\000D\000o\000c\000u\000m\000e\000n\000t\000a\000t\000i\000o\000n}{section.4.5}% 42
\BOOKMARK [3][-]{subsubsection.4.5.1.1}{\376\377\000A\000d\000j\000u\000s\000t\000L\000i\000n\000e\000E\000l\000e\000m\000e\000n\000t\000s}{subsection.4.5.1}% 43
\BOOKMARK [3][-]{subsubsection.4.5.1.2}{\376\377\000i\000t\000o\000a}{subsection.4.5.1}% 44
\BOOKMARK [3][-]{subsubsection.4.5.1.3}{\376\377\000P\000a\000r\000s\000e\000L\000i\000n\000e}{subsection.4.5.1}% 45
\BOOKMARK [3][-]{subsubsection.4.5.1.4}{\376\377\000P\000r\000o\000c\000e\000s\000s\000D\000a\000t\000a}{subsection.4.5.1}% 46
\BOOKMARK [3][-]{subsubsection.4.5.1.5}{\376\377\000P\000r\000o\000c\000e\000s\000s\000E\000r\000r\000o\000r\000C\000o\000d\000e}{subsection.4.5.1}% 47
\BOOKMARK [3][-]{subsubsection.4.5.1.6}{\376\377\000R\000e\000m\000o\000v\000e\000S\000p\000a\000c\000e\000s}{subsection.4.5.1}% 48
\BOOKMARK [3][-]{subsubsection.4.5.1.7}{\376\377\000R\000e\000v\000e\000r\000s\000e\000S\000t\000r\000i\000n\000g}{subsection.4.5.1}% 49
\BOOKMARK [1][-]{section.4.6}{\376\377\000M\000e\000t\000a\000D\000a\000t\000a\000I\000n\000f\000o\000N\000o\000d\000e\000\040\000C\000l\000a\000s\000s\000\040\000R\000e\000f\000e\000r\000e\000n\000c\000e}{chapter.4}% 50
\BOOKMARK [1][-]{section.4.7}{\376\377\000N\000o\000d\000e\000<\000\040\000I\000t\000e\000m\000T\000y\000p\000e\000\040\000>\000\040\000C\000l\000a\000s\000s\000\040\000T\000e\000m\000p\000l\000a\000t\000e\000\040\000R\000e\000f\000e\000r\000e\000n\000c\000e}{chapter.4}% 51
\BOOKMARK [2][-]{subsection.4.7.1}{\376\377\000C\000o\000n\000s\000t\000r\000u\000c\000t\000o\000r\000\040\000\046\000\040\000D\000e\000s\000t\000r\000u\000c\000t\000o\000r\000\040\000D\000o\000c\000u\000m\000e\000n\000t\000a\000t\000i\000o\000n}{section.4.7}% 52
\BOOKMARK [3][-]{subsubsection.4.7.1.1}{\376\377\000N\000o\000d\000e}{subsection.4.7.1}% 53
\BOOKMARK [3][-]{subsubsection.4.7.1.2}{\376\377\000N\000o\000d\000e}{subsection.4.7.1}% 54
\BOOKMARK [2][-]{subsection.4.7.2}{\376\377\000M\000e\000m\000b\000e\000r\000\040\000F\000u\000n\000c\000t\000i\000o\000n\000\040\000D\000o\000c\000u\000m\000e\000n\000t\000a\000t\000i\000o\000n}{section.4.7}% 55
\BOOKMARK [3][-]{subsubsection.4.7.2.1}{\376\377\000g\000e\000t\000D\000a\000t\000a}{subsection.4.7.2}% 56
\BOOKMARK [3][-]{subsubsection.4.7.2.2}{\376\377\000g\000e\000t\000N\000e\000x\000t}{subsection.4.7.2}% 57
\BOOKMARK [3][-]{subsubsection.4.7.2.3}{\376\377\000s\000e\000t\000D\000a\000t\000a}{subsection.4.7.2}% 58
\BOOKMARK [3][-]{subsubsection.4.7.2.4}{\376\377\000s\000e\000t\000N\000e\000x\000t}{subsection.4.7.2}% 59
\BOOKMARK [0][-]{chapter.5}{\376\377\000F\000i\000l\000e\000\040\000D\000o\000c\000u\000m\000e\000n\000t\000a\000t\000i\000o\000n}{}% 60
\BOOKMARK [1][-]{section.5.1}{\376\377\000C\000o\000n\000f\000i\000g\000F\000i\000l\000e\000I\000n\000p\000u\000t\000.\000h\000h\000\040\000F\000i\000l\000e\000\040\000R\000e\000f\000e\000r\000e\000n\000c\000e}{chapter.5}% 61
\BOOKMARK [2][-]{subsection.5.1.1}{\376\377\000D\000e\000t\000a\000i\000l\000e\000d\000\040\000D\000e\000s\000c\000r\000i\000p\000t\000i\000o\000n}{section.5.1}% 62
\BOOKMARK [1][-]{section.5.2}{\376\377\000C\000o\000n\000f\000i\000g\000F\000i\000l\000e\000I\000n\000p\000u\000t\000N\000o\000d\000e\000.\000h\000h\000\040\000F\000i\000l\000e\000\040\000R\000e\000f\000e\000r\000e\000n\000c\000e}{chapter.5}% 63
\BOOKMARK [2][-]{subsection.5.2.1}{\376\377\000D\000e\000t\000a\000i\000l\000e\000d\000\040\000D\000e\000s\000c\000r\000i\000p\000t\000i\000o\000n}{section.5.2}% 64
\BOOKMARK [1][-]{section.5.3}{\376\377\000M\000e\000t\000a\000D\000a\000t\000a\000I\000n\000f\000o\000.\000c\000c\000\040\000F\000i\000l\000e\000\040\000R\000e\000f\000e\000r\000e\000n\000c\000e}{chapter.5}% 65
\BOOKMARK [2][-]{subsection.5.3.1}{\376\377\000D\000e\000t\000a\000i\000l\000e\000d\000\040\000D\000e\000s\000c\000r\000i\000p\000t\000i\000o\000n}{section.5.3}% 66
\BOOKMARK [1][-]{section.5.4}{\376\377\000M\000e\000t\000a\000D\000a\000t\000a\000I\000n\000f\000o\000.\000h\000h\000\040\000F\000i\000l\000e\000\040\000R\000e\000f\000e\000r\000e\000n\000c\000e}{chapter.5}% 67
\BOOKMARK [2][-]{subsection.5.4.1}{\376\377\000D\000e\000t\000a\000i\000l\000e\000d\000\040\000D\000e\000s\000c\000r\000i\000p\000t\000i\000o\000n}{section.5.4}% 68
\BOOKMARK [1][-]{section.5.5}{\376\377\000M\000e\000t\000a\000D\000a\000t\000a\000I\000n\000f\000o\000N\000o\000d\000e\000.\000c\000c\000\040\000F\000i\000l\000e\000\040\000R\000e\000f\000e\000r\000e\000n\000c\000e}{chapter.5}% 69
\BOOKMARK [2][-]{subsection.5.5.1}{\376\377\000D\000e\000t\000a\000i\000l\000e\000d\000\040\000D\000e\000s\000c\000r\000i\000p\000t\000i\000o\000n}{section.5.5}% 70
\BOOKMARK [1][-]{section.5.6}{\376\377\000M\000e\000t\000a\000D\000a\000t\000a\000I\000n\000f\000o\000N\000o\000d\000e\000.\000h\000h\000\040\000F\000i\000l\000e\000\040\000R\000e\000f\000e\000r\000e\000n\000c\000e}{chapter.5}% 71
\BOOKMARK [2][-]{subsection.5.6.1}{\376\377\000D\000e\000t\000a\000i\000l\000e\000d\000\040\000D\000e\000s\000c\000r\000i\000p\000t\000i\000o\000n}{section.5.6}% 72
\BOOKMARK [1][-]{section.5.7}{\376\377\000N\000o\000d\000e\000.\000h\000h\000\040\000F\000i\000l\000e\000\040\000R\000e\000f\000e\000r\000e\000n\000c\000e}{chapter.5}% 73
\BOOKMARK [2][-]{subsection.5.7.1}{\376\377\000D\000e\000t\000a\000i\000l\000e\000d\000\040\000D\000e\000s\000c\000r\000i\000p\000t\000i\000o\000n}{section.5.7}% 74
\BOOKMARK [0][-]{section*.20}{\376\377\000I\000n\000d\000e\000x}{}% 75
